<?xml version="1.0" encoding="utf-8"?><testsuites name="pytest tests"><testsuite name="pytest" errors="0" failures="1" skipped="0" tests="13" time="4.898" timestamp="2026-05-14T23:51:14.982157+00:00" hostname="agent-env-364e7311-8d1c-465a-8f58-0ae28aa89334"><testcase classname="backend.tests.backend_test" name="test_root" time="0.404" /><testcase classname="backend.tests.backend_test" name="test_create_lead_valid" time="0.066" /><testcase classname="backend.tests.backend_test" name="test_create_lead_invalid_email" time="0.057" /><testcase classname="backend.tests.backend_test" name="test_admin_login_wrong" time="1.299" /><testcase classname="backend.tests.backend_test" name="test_admin_login_correct" time="0.053" /><testcase classname="backend.tests.backend_test" name="test_admin_leads_requires_auth" time="0.057" /><testcase classname="backend.tests.backend_test" name="test_admin_leads_with_token" time="0.134" /><testcase classname="backend.tests.backend_test" name="test_admin_payments_requires_auth" time="1.156" /><testcase classname="backend.tests.backend_test" name="test_admin_payments_with_token" time="0.052" /><testcase classname="backend.tests.backend_test" name="test_checkout_session_creates_url" time="0.935" /><testcase classname="backend.tests.backend_test" name="test_checkout_invalid_package" time="0.049" /><testcase classname="backend.tests.backend_test" name="test_checkout_persists_payment_and_lead" time="0.105" /><testcase classname="backend.tests.backend_test" name="test_checkout_status" time="0.367"><failure message="AssertionError: Internal Server Error&#10;assert 500 == 200&#10; +  where 500 = &lt;Response [500]&gt;.status_code">backend/tests/backend_test.py:149: in test_checkout_status
    assert r.status_code == 200, r.text
E   AssertionError: Internal Server Error
E   assert 500 == 200
E    +  where 500 = &lt;Response [500]&gt;.status_code</failure></testcase></testsuite></testsuites>